15:05:51 **** Build of configuration Debug for project TP3 ****
make all 
'Building file: ../Sources/main.c'
'Invoking: Cross ARM C Compiler'
arm-none-eabi-gcc -mcpu=cortex-m0plus -mthumb -O0 -fmessage-length=0 -fsigned-char -ffunction-sections -fdata-sections -Wall  -g3 -D"CPU_MKL46Z256VLH4" -I"../Sources" -I../board/inc -I"../Project_Settings/Startup_Code" -I"../SDK/platform/CMSIS/Include" -I"../SDK/platform/devices" -I"../SDK/platform/devices/MKL46Z4/include" -I"C:\Freescale\KSDK_1.3.0\platform\hal\inc" -I"C:\Freescale\KSDK_1.3.0\platform\system\src\clock\MKL46Z4" -I"C:\Freescale\KSDK_1.3.0\platform\hal\src\sim\MKL46Z4" -I"C:\Freescale\KSDK_1.3.0\platform\system\inc" -I"C:\Freescale\KSDK_1.3.0\platform\osa\inc" -std=c99 -MMD -MP -MF"Sources/main.d" -MT"Sources/main.o" -c -o "Sources/main.o" "../Sources/main.c"
'Finished building: ../Sources/main.c'
' '
'Building target: SD2_TP2.elf'
'Invoking: Cross ARM C++ Linker'
arm-none-eabi-g++ -mcpu=cortex-m0plus -mthumb -O0 -fmessage-length=0 -fsigned-char -ffunction-sections -fdata-sections -Wall  -g3 -T "MKL46Z256xxx4_flash.ld" -Xlinker --gc-sections -L"C:/Users/Jonatan/workspace.kds/TP3/Project_Settings/Linker_Files" -L"C:\Freescale\KSDK_1.3.0\lib\ksdk_platform_lib\kds\KL46Z4\debug" -Wl,-Map,"SD2_TP2.map" -specs=nosys.specs -specs=nano.specs -Xlinker -z -Xlinker muldefs -o "SD2_TP2.elf"  ./board/src/board.o  ./Sources/main.o  ./Project_Settings/Startup_Code/startup.o ./Project_Settings/Startup_Code/startup_MKL46Z4.o ./Project_Settings/Startup_Code/system_MKL46Z4.o   -lksdk_platform
c:/freescale/kds_3.0.0/toolchain/bin/../lib/gcc/arm-none-eabi/4.8.4/../../../../arm-none-eabi/bin/ld.exe: cannot find -lksdk_platform
collect2.exe: error: ld returned 1 exit status
make: *** [SD2_TP2.elf] Error 1

15:05:52 Build Finished (took 985ms)

